0 info it worked if it ends with ok
1 verbose cli [ '/home/vagrant/.nvm/versions/node/v6.3.1/bin/node',
1 verbose cli   '/home/vagrant/.nvm/versions/node/v6.3.1/bin/npm',
1 verbose cli   'run',
1 verbose cli   'question',
1 verbose cli   '0' ]
2 info using npm@3.10.3
3 info using node@v6.3.1
4 verbose run-script [ 'prequestion', 'question', 'postquestion' ]
5 info lifecycle assessment-exam-student@1.0.0~prequestion: assessment-exam-student@1.0.0
6 silly lifecycle assessment-exam-student@1.0.0~prequestion: no script for prequestion, continuing
7 info lifecycle assessment-exam-student@1.0.0~question: assessment-exam-student@1.0.0
8 verbose lifecycle assessment-exam-student@1.0.0~question: unsafe-perm in lifecycle true
9 verbose lifecycle assessment-exam-student@1.0.0~question: PATH: /home/vagrant/.nvm/versions/node/v6.3.1/lib/node_modules/npm/bin/node-gyp-bin:/vagrant/w1d5/assessment-exam-student/node_modules/.bin:/home/vagrant/.nvm/versions/node/v6.3.1/bin:/home/vagrant/.nvm/versions/node/v6.3.1/bin:/home/vagrant/.rvm/gems/ruby-2.3.0/bin:/home/vagrant/.rvm/gems/ruby-2.3.0@global/bin:/home/vagrant/.rvm/rubies/ruby-2.3.0/bin:/usr/local/sbin:/usr/local/bin:/usr/sbin:/usr/bin:/sbin:/bin:/usr/games:/usr/local/games:/home/vagrant/.rvm/bin:/home/vagrant/.rvm/bin
10 verbose lifecycle assessment-exam-student@1.0.0~question: CWD: /vagrant/w1d5/assessment-exam-student
11 silly lifecycle assessment-exam-student@1.0.0~question: Args: [ '-c', 'node index.js "0"' ]
12 silly lifecycle assessment-exam-student@1.0.0~question: Returned: code: 1  signal: null
13 info lifecycle assessment-exam-student@1.0.0~question: Failed to exec question script
14 verbose stack Error: assessment-exam-student@1.0.0 question: `node index.js "0"`
14 verbose stack Exit status 1
14 verbose stack     at EventEmitter.<anonymous> (/home/vagrant/.nvm/versions/node/v6.3.1/lib/node_modules/npm/lib/utils/lifecycle.js:242:16)
14 verbose stack     at emitTwo (events.js:106:13)
14 verbose stack     at EventEmitter.emit (events.js:191:7)
14 verbose stack     at ChildProcess.<anonymous> (/home/vagrant/.nvm/versions/node/v6.3.1/lib/node_modules/npm/lib/utils/spawn.js:40:14)
14 verbose stack     at emitTwo (events.js:106:13)
14 verbose stack     at ChildProcess.emit (events.js:191:7)
14 verbose stack     at maybeClose (internal/child_process.js:852:16)
14 verbose stack     at Process.ChildProcess._handle.onexit (internal/child_process.js:215:5)
15 verbose pkgid assessment-exam-student@1.0.0
16 verbose cwd /vagrant/w1d5/assessment-exam-student/answers
17 error Linux 4.4.0-21-generic
18 error argv "/home/vagrant/.nvm/versions/node/v6.3.1/bin/node" "/home/vagrant/.nvm/versions/node/v6.3.1/bin/npm" "run" "question" "0"
19 error node v6.3.1
20 error npm  v3.10.3
21 error code ELIFECYCLE
22 error assessment-exam-student@1.0.0 question: `node index.js "0"`
22 error Exit status 1
23 error Failed at the assessment-exam-student@1.0.0 question script 'node index.js "0"'.
23 error Make sure you have the latest version of node.js and npm installed.
23 error If you do, this is most likely a problem with the assessment-exam-student package,
23 error not with npm itself.
23 error Tell the author that this fails on your system:
23 error     node index.js "0"
23 error You can get information on how to open an issue for this project with:
23 error     npm bugs assessment-exam-student
23 error Or if that isn't available, you can get their info via:
23 error     npm owner ls assessment-exam-student
23 error There is likely additional logging output above.
24 verbose exit [ 1, true ]
